<?xml version="1.0" encoding="UTF-8"?>
<!-- Generated by org.testng.reporters.JUnitReportReporter -->
<testsuite skipped="0" hostname="DESKTOP-K9PH8AT" name="automationFramework.TestNG_TC_TripReqExec" tests="1" failures="0" timestamp="30 Nov 2018 05:35:22 GMT" time="4.924" errors="0">
  <testcase name="main" time="4.924" classname="automationFramework.TestNG_TC_TripReqExec"/>
</testsuite> <!-- automationFramework.TestNG_TC_TripReqExec -->
